<?xml version="1.0" encoding="UTF-8"?>
<!-- Generated by org.testng.reporters.JUnitReportReporter -->
<testsuite skipped="0" hostname="EBI312GFWW" name="runner.Runner" tests="1" failures="0" timestamp="13 Nov 2017 10:49:04 GMT" time="270.618" errors="0">
  <testcase name="test" time="270.618" classname="runner.Runner"/>
</testsuite> <!-- runner.Runner -->
