<?xml version="1.0" encoding="UTF-8"?>
<!-- Generated by org.testng.reporters.JUnitReportReporter -->
<testsuite skipped="0" hostname="EBI312GFWW" name="bootstrap.Runner" tests="1" failures="0" timestamp="10 Nov 2017 10:03:57 GMT" time="162.502" errors="0">
  <testcase name="test" time="162.502" classname="bootstrap.Runner"/>
</testsuite> <!-- bootstrap.Runner -->
